<?xml version="1.0" encoding="UTF-8"?>
<!-- Generated by org.testng.reporters.JUnitReportReporter -->
<testsuite skipped="0" hostname="Saini" name="testCases.GetLaptopPrice" tests="2" failures="0" timestamp="28 Feb 2020 19:24:37 GMT" time="189.102" errors="0">
  <testcase name="verifyLowestPriceWithGuest" time="90.089" classname="testCases.GetLaptopPrice"/>
  <testcase name="verifyLowestPriceWithUserCredential" time="99.013" classname="testCases.GetLaptopPrice"/>
</testsuite> <!-- testCases.GetLaptopPrice -->
