<?xml version="1.0" encoding="UTF-8"?>
<!-- Generated by org.testng.reporters.JUnitReportReporter -->
<testsuite hostname="CIPL-PC163" name="testCases.loginGuest" tests="1" failures="0" timestamp="28 Feb 2020 14:03:36 GMT" time="36.136" errors="0">
  <testcase name="verifyLowestPrice" time="36.136" classname="testCases.loginGuest"/>
</testsuite> <!-- testCases.loginGuest -->
