<?xml version="1.0" encoding="UTF-8"?>
<!-- Generated by org.testng.reporters.JUnitReportReporter -->
<testsuite hostname="CIPL-PC163" name="utils.AmazonLearning" tests="1" failures="0" timestamp="28 Feb 2020 12:54:43 GMT" time="60.134" errors="0">
  <testcase name="verifyValidLogin" time="60.134" classname="utils.AmazonLearning"/>
</testsuite> <!-- utils.AmazonLearning -->
